<?xml version="1.0" encoding="UTF-8"?>
<robot generator="Robot 5.0.1 (Python 3.8.10 on linux)" generated="20220924 10:11:49.286" rpa="false" schemaversion="3">
<suite id="s1" name="Close" source="/home/cahn/besquare-deriv/RF/Close Acc/close.robot">
<test id="s1-t1" name="Login To Deriv" line="12">
<kw name="Open Browser" library="SeleniumLibrary">
<arg>https://app.deriv.com/</arg>
<arg>chrome</arg>
<doc>Opens a new browser instance to the optional ``url``.</doc>
<msg timestamp="20220924 10:11:49.431" level="INFO">Opening browser 'chrome' to base url 'https://app.deriv.com/'.</msg>
<status status="PASS" starttime="20220924 10:11:49.431" endtime="20220924 10:11:52.474"/>
</kw>
<kw name="Maximize Browser Window" library="SeleniumLibrary">
<doc>Maximizes current browser window.</doc>
<status status="PASS" starttime="20220924 10:11:52.475" endtime="20220924 10:11:52.582"/>
</kw>
<kw name="Set Selenium Speed" library="SeleniumLibrary">
<arg>0.5</arg>
<doc>Sets the delay that is waited after each Selenium command.</doc>
<status status="PASS" starttime="20220924 10:11:52.583" endtime="20220924 10:11:52.583"/>
</kw>
<kw name="Wait Until Page Contains Element" library="SeleniumLibrary">
<arg>dt_purchase_call_button</arg>
<arg>30</arg>
<doc>Waits until the element ``locator`` appears on the current page.</doc>
<status status="PASS" starttime="20220924 10:11:52.584" endtime="20220924 10:11:57.464"/>
</kw>
<kw name="Click Element" library="SeleniumLibrary">
<arg>dt_login_button</arg>
<doc>Click the element identified by ``locator``.</doc>
<msg timestamp="20220924 10:11:57.465" level="INFO">Clicking element 'dt_login_button'.</msg>
<status status="PASS" starttime="20220924 10:11:57.464" endtime="20220924 10:12:00.637"/>
</kw>
<kw name="Wait Until Page Contains Element" library="SeleniumLibrary">
<arg>//input[@type='email']</arg>
<arg>10</arg>
<doc>Waits until the element ``locator`` appears on the current page.</doc>
<status status="PASS" starttime="20220924 10:12:00.638" endtime="20220924 10:12:01.177"/>
</kw>
<kw name="Input Text" library="SeleniumLibrary">
<arg>//input[@type='email']</arg>
<arg>vern.yi+3@besquare.com.my</arg>
<doc>Types the given ``text`` into the text field identified by ``locator``.</doc>
<msg timestamp="20220924 10:12:01.178" level="INFO">Typing text 'vern.yi+3@besquare.com.my' into text field '//input[@type='email']'.</msg>
<status status="PASS" starttime="20220924 10:12:01.178" endtime="20220924 10:12:02.809"/>
</kw>
<kw name="Input Text" library="SeleniumLibrary">
<arg>//input[@type='password']</arg>
<arg>C0rrect_p4ssword</arg>
<doc>Types the given ``text`` into the text field identified by ``locator``.</doc>
<msg timestamp="20220924 10:12:02.810" level="INFO">Typing text 'C0rrect_p4ssword' into text field '//input[@type='password']'.</msg>
<status status="PASS" starttime="20220924 10:12:02.810" endtime="20220924 10:12:04.434"/>
</kw>
<kw name="Click Element" library="SeleniumLibrary">
<arg>//button[@type='submit']</arg>
<doc>Click the element identified by ``locator``.</doc>
<msg timestamp="20220924 10:12:04.436" level="INFO">Clicking element '//button[@type='submit']'.</msg>
<status status="PASS" starttime="20220924 10:12:04.435" endtime="20220924 10:12:08.601"/>
</kw>
<kw name="Wait Until Page Does Not Contain Element" library="SeleniumLibrary">
<arg>//*[@aria-label="Loading interface..."]</arg>
<arg>20</arg>
<doc>Waits until the element ``locator`` disappears from the current page.</doc>
<status status="PASS" starttime="20220924 10:12:08.601" endtime="20220924 10:12:10.541"/>
</kw>
<kw name="Wait Until Page Contains Element" library="SeleniumLibrary">
<arg>dt_purchase_call_button</arg>
<arg>30</arg>
<doc>Waits until the element ``locator`` appears on the current page.</doc>
<status status="PASS" starttime="20220924 10:12:10.542" endtime="20220924 10:12:11.049"/>
</kw>
<status status="PASS" starttime="20220924 10:11:49.430" endtime="20220924 10:12:11.049"/>
</test>
<test id="s1-t2" name="Check Real and Demo Account" line="25">
<kw name="Click Element" library="SeleniumLibrary">
<arg>dt_core_account-info_acc-info</arg>
<doc>Click the element identified by ``locator``.</doc>
<msg timestamp="20220924 10:12:11.052" level="INFO">Clicking element 'dt_core_account-info_acc-info'.</msg>
<status status="PASS" starttime="20220924 10:12:11.051" endtime="20220924 10:12:12.174"/>
</kw>
<kw name="Wait Until Page Contains Element" library="SeleniumLibrary">
<arg>real_account_tab</arg>
<arg>30</arg>
<doc>Waits until the element ``locator`` appears on the current page.</doc>
<status status="PASS" starttime="20220924 10:12:12.174" endtime="20220924 10:12:12.686"/>
</kw>
<kw name="Wait Until Page Contains Element" library="SeleniumLibrary">
<arg>dt_core_account-switcher_demo-tab</arg>
<arg>30</arg>
<doc>Waits until the element ``locator`` appears on the current page.</doc>
<status status="PASS" starttime="20220924 10:12:12.687" endtime="20220924 10:12:13.215"/>
</kw>
<kw name="Click Element" library="SeleniumLibrary">
<arg>dt_core_account-switcher_demo-tab</arg>
<doc>Click the element identified by ``locator``.</doc>
<msg timestamp="20220924 10:12:13.216" level="INFO">Clicking element 'dt_core_account-switcher_demo-tab'.</msg>
<status status="PASS" starttime="20220924 10:12:13.216" endtime="20220924 10:12:14.313"/>
</kw>
<kw name="Wait Until Page Contains Element" library="SeleniumLibrary">
<arg>dt_core_account-switcher_demo-tab</arg>
<arg>30</arg>
<doc>Waits until the element ``locator`` appears on the current page.</doc>
<status status="PASS" starttime="20220924 10:12:14.314" endtime="20220924 10:12:14.846"/>
</kw>
<status status="PASS" starttime="20220924 10:12:11.050" endtime="20220924 10:12:14.846"/>
</test>
<test id="s1-t3" name="Select Demo Account" line="33">
<kw name="Wait Until Page Contains Element" library="SeleniumLibrary">
<arg>//div[@id='dt_VRTC6739289']</arg>
<arg>30</arg>
<doc>Waits until the element ``locator`` appears on the current page.</doc>
<status status="PASS" starttime="20220924 10:12:14.848" endtime="20220924 10:12:15.392"/>
</kw>
<kw name="Click Element" library="SeleniumLibrary">
<arg>//div[@id='dt_VRTC6739289']</arg>
<doc>Click the element identified by ``locator``.</doc>
<msg timestamp="20220924 10:12:15.392" level="INFO">Clicking element '//div[@id='dt_VRTC6739289']'.</msg>
<status status="PASS" starttime="20220924 10:12:15.392" endtime="20220924 10:12:16.609"/>
</kw>
<kw name="Wait Until Page Does Not Contain Element" library="SeleniumLibrary">
<arg>//*[@aria-label="Loading interface..."]</arg>
<arg>20</arg>
<doc>Waits until the element ``locator`` disappears from the current page.</doc>
<status status="PASS" starttime="20220924 10:12:16.609" endtime="20220924 10:12:21.506"/>
</kw>
<status status="PASS" starttime="20220924 10:12:14.847" endtime="20220924 10:12:21.507"/>
</test>
<test id="s1-t4" name="Check the Account Settings" line="39">
<kw name="Page Should Contain Element" library="SeleniumLibrary">
<arg>//*[@class='account-settings-toggle']</arg>
<doc>Verifies that element ``locator`` is found on the current page.</doc>
<msg timestamp="20220924 10:12:22.023" level="INFO">Current page contains element '//*[@class='account-settings-toggle']'.</msg>
<status status="PASS" starttime="20220924 10:12:21.509" endtime="20220924 10:12:22.023"/>
</kw>
<kw name="Click Element" library="SeleniumLibrary">
<arg>//*[@class='account-settings-toggle']</arg>
<doc>Click the element identified by ``locator``.</doc>
<msg timestamp="20220924 10:12:22.024" level="INFO">Clicking element '//*[@class='account-settings-toggle']'.</msg>
<status status="PASS" starttime="20220924 10:12:22.023" endtime="20220924 10:12:23.171"/>
</kw>
<kw name="Wait Until Page Does Not Contain Element" library="SeleniumLibrary">
<arg>//*[@data-testid='dt_initial loader']</arg>
<arg>20</arg>
<doc>Waits until the element ``locator`` disappears from the current page.</doc>
<status status="PASS" starttime="20220924 10:12:23.171" endtime="20220924 10:12:23.689"/>
</kw>
<status status="PASS" starttime="20220924 10:12:21.508" endtime="20220924 10:12:23.689"/>
</test>
<test id="s1-t5" name="Check the Security and safety" line="44">
<kw name="Wait Until Page Does Not Contain Element" library="SeleniumLibrary">
<arg>//*[@data-testid='dt_initial loader']</arg>
<arg>20</arg>
<doc>Waits until the element ``locator`` disappears from the current page.</doc>
<status status="PASS" starttime="20220924 10:12:23.690" endtime="20220924 10:12:24.204"/>
</kw>
<kw name="Wait Until Page Contains Element" library="SeleniumLibrary">
<arg>//*[@class='dc-vertical-tab__tab dc-vertical-tab__tab--floating']</arg>
<arg>30</arg>
<doc>Waits until the element ``locator`` appears on the current page.</doc>
<status status="PASS" starttime="20220924 10:12:24.205" endtime="20220924 10:12:24.729"/>
</kw>
<kw name="Page Should Contain Element" library="SeleniumLibrary">
<arg>//*[@id='dt_Security and safety_link']</arg>
<doc>Verifies that element ``locator`` is found on the current page.</doc>
<msg timestamp="20220924 10:12:25.252" level="INFO">Current page contains element '//*[@id='dt_Security and safety_link']'.</msg>
<status status="PASS" starttime="20220924 10:12:24.729" endtime="20220924 10:12:25.252"/>
</kw>
<status status="PASS" starttime="20220924 10:12:23.689" endtime="20220924 10:12:25.253"/>
</test>
<test id="s1-t6" name="Check the Closing Account tab" line="49">
<kw name="Wait Until Page Does Not Contain Element" library="SeleniumLibrary">
<arg>//*[@data-testid='dt_initial loader']</arg>
<arg>20</arg>
<doc>Waits until the element ``locator`` disappears from the current page.</doc>
<status status="PASS" starttime="20220924 10:12:25.254" endtime="20220924 10:12:25.770"/>
</kw>
<kw name="Page Should Contain Element" library="SeleniumLibrary">
<arg>//*[@id='/account/closing-account']</arg>
<doc>Verifies that element ``locator`` is found on the current page.</doc>
<msg timestamp="20220924 10:12:26.294" level="INFO">Current page contains element '//*[@id='/account/closing-account']'.</msg>
<status status="PASS" starttime="20220924 10:12:25.771" endtime="20220924 10:12:26.295"/>
</kw>
<status status="PASS" starttime="20220924 10:12:25.253" endtime="20220924 10:12:26.295"/>
</test>
<test id="s1-t7" name="Check Closing Account page" line="53">
<kw name="Click Element" library="SeleniumLibrary">
<arg>//*[@id='/account/closing-account']</arg>
<doc>Click the element identified by ``locator``.</doc>
<msg timestamp="20220924 10:12:26.297" level="INFO">Clicking element '//*[@id='/account/closing-account']'.</msg>
<status status="PASS" starttime="20220924 10:12:26.297" endtime="20220924 10:12:27.421"/>
</kw>
<kw name="Wait Until Page Does Not Contain Element" library="SeleniumLibrary">
<arg>//*[@data-testid='dt_initial loader']</arg>
<arg>20</arg>
<doc>Waits until the element ``locator`` disappears from the current page.</doc>
<status status="PASS" starttime="20220924 10:12:27.421" endtime="20220924 10:12:27.944"/>
</kw>
<kw name="Wait Until Page Contains Element" library="SeleniumLibrary">
<arg>//*[@class='dc-btn dc-btn--primary dc-btn__large closing-account__button--close-account']</arg>
<arg>20</arg>
<doc>Waits until the element ``locator`` appears on the current page.</doc>
<status status="PASS" starttime="20220924 10:12:27.944" endtime="20220924 10:12:28.469"/>
</kw>
<kw name="Page Should Contain Element" library="SeleniumLibrary">
<arg>//*[@class='dc-btn dc-btn--primary dc-btn__large closing-account__button--close-account']</arg>
<doc>Verifies that element ``locator`` is found on the current page.</doc>
<msg timestamp="20220924 10:12:28.985" level="INFO">Current page contains element '//*[@class='dc-btn dc-btn--primary dc-btn__large closing-account__button--close-account']'.</msg>
<status status="PASS" starttime="20220924 10:12:28.469" endtime="20220924 10:12:28.985"/>
</kw>
<status status="PASS" starttime="20220924 10:12:26.296" endtime="20220924 10:12:28.985"/>
</test>
<test id="s1-t8" name="Check Close Account page" line="59">
<kw name="Click Element" library="SeleniumLibrary">
<arg>//*[@class='dc-btn dc-btn--primary dc-btn__large closing-account__button--close-account']</arg>
<doc>Click the element identified by ``locator``.</doc>
<msg timestamp="20220924 10:12:28.986" level="INFO">Clicking element '//*[@class='dc-btn dc-btn--primary dc-btn__large closing-account__button--close-account']'.</msg>
<status status="PASS" starttime="20220924 10:12:28.986" endtime="20220924 10:12:30.069"/>
</kw>
<kw name="Wait Until Page Does Not Contain Element" library="SeleniumLibrary">
<arg>//*[@data-testid='dt_initial loader']</arg>
<arg>20</arg>
<doc>Waits until the element ``locator`` disappears from the current page.</doc>
<status status="PASS" starttime="20220924 10:12:30.069" endtime="20220924 10:12:30.592"/>
</kw>
<kw name="Wait Until Page Contains Element" library="SeleniumLibrary">
<arg>//*[@class='dc-btn dc-btn__effect dc-btn--primary dc-btn__large']</arg>
<arg>20</arg>
<doc>Waits until the element ``locator`` appears on the current page.</doc>
<status status="PASS" starttime="20220924 10:12:30.592" endtime="20220924 10:12:31.108"/>
</kw>
<status status="PASS" starttime="20220924 10:12:28.985" endtime="20220924 10:12:31.109"/>
</test>
<test id="s1-t9" name="Close Account" line="64">
<kw name="Click Element" library="SeleniumLibrary">
<arg>//*[@name='financial-priorities']//parent::label</arg>
<doc>Click the element identified by ``locator``.</doc>
<msg timestamp="20220924 10:12:31.111" level="INFO">Clicking element '//*[@name='financial-priorities']//parent::label'.</msg>
<status status="PASS" starttime="20220924 10:12:31.110" endtime="20220924 10:12:32.173"/>
</kw>
<kw name="Click Element" library="SeleniumLibrary">
<arg>//*[@name='stop-trading']//parent::label</arg>
<doc>Click the element identified by ``locator``.</doc>
<msg timestamp="20220924 10:12:32.174" level="INFO">Clicking element '//*[@name='stop-trading']//parent::label'.</msg>
<status status="PASS" starttime="20220924 10:12:32.173" endtime="20220924 10:12:33.255"/>
</kw>
<kw name="Click Element" library="SeleniumLibrary">
<arg>//*[@name='not-interested']//parent::label</arg>
<doc>Click the element identified by ``locator``.</doc>
<msg timestamp="20220924 10:12:33.256" level="INFO">Clicking element '//*[@name='not-interested']//parent::label'.</msg>
<status status="PASS" starttime="20220924 10:12:33.255" endtime="20220924 10:12:34.350"/>
</kw>
<kw name="Click Element" library="SeleniumLibrary">
<arg>//*[@class='dc-btn dc-btn__effect dc-btn--primary dc-btn__large']</arg>
<doc>Click the element identified by ``locator``.</doc>
<msg timestamp="20220924 10:12:34.351" level="INFO">Clicking element '//*[@class='dc-btn dc-btn__effect dc-btn--primary dc-btn__large']'.</msg>
<status status="PASS" starttime="20220924 10:12:34.350" endtime="20220924 10:12:35.488"/>
</kw>
<kw name="Wait Until Page Contains Element" library="SeleniumLibrary">
<arg>//*[@class='account-closure-warning-modal']</arg>
<doc>Waits until the element ``locator`` appears on the current page.</doc>
<status status="PASS" starttime="20220924 10:12:35.489" endtime="20220924 10:12:36.003"/>
</kw>
<kw name="Page Should Contain Element" library="SeleniumLibrary">
<arg>//*[@class='dc-btn dc-btn__effect dc-btn--primary dc-btn__large' and contains(.,'Close account')]</arg>
<doc>Verifies that element ``locator`` is found on the current page.</doc>
<msg timestamp="20220924 10:12:36.530" level="INFO">Current page contains element '//*[@class='dc-btn dc-btn__effect dc-btn--primary dc-btn__large' and contains(.,'Close account')]'.</msg>
<status status="PASS" starttime="20220924 10:12:36.004" endtime="20220924 10:12:36.530"/>
</kw>
<kw name="Click Element" library="SeleniumLibrary">
<arg>//*[@class='dc-btn dc-btn__effect dc-btn--secondary dc-btn__large' and contains(.,'Go Back')]</arg>
<doc>Click the element identified by ``locator``.</doc>
<msg timestamp="20220924 10:12:36.531" level="INFO">Clicking element '//*[@class='dc-btn dc-btn__effect dc-btn--secondary dc-btn__large' and contains(.,'Go Back')]'.</msg>
<status status="PASS" starttime="20220924 10:12:36.530" endtime="20220924 10:12:37.597"/>
</kw>
<status status="PASS" starttime="20220924 10:12:31.109" endtime="20220924 10:12:37.597"/>
</test>
<test id="s1-t10" name="Close Account without select any reason" line="74">
<kw name="Click Element" library="SeleniumLibrary">
<arg>//*[@name='financial-priorities']//parent::label</arg>
<doc>Click the element identified by ``locator``.</doc>
<msg timestamp="20220924 10:12:37.600" level="INFO">Clicking element '//*[@name='financial-priorities']//parent::label'.</msg>
<status status="PASS" starttime="20220924 10:12:37.599" endtime="20220924 10:12:38.666"/>
</kw>
<kw name="Click Element" library="SeleniumLibrary">
<arg>//*[@name='stop-trading']//parent::label</arg>
<doc>Click the element identified by ``locator``.</doc>
<msg timestamp="20220924 10:12:38.667" level="INFO">Clicking element '//*[@name='stop-trading']//parent::label'.</msg>
<status status="PASS" starttime="20220924 10:12:38.667" endtime="20220924 10:12:39.739"/>
</kw>
<kw name="Click Element" library="SeleniumLibrary">
<arg>//*[@name='not-interested']//parent::label</arg>
<doc>Click the element identified by ``locator``.</doc>
<msg timestamp="20220924 10:12:39.740" level="INFO">Clicking element '//*[@name='not-interested']//parent::label'.</msg>
<status status="PASS" starttime="20220924 10:12:39.740" endtime="20220924 10:12:40.808"/>
</kw>
<kw name="Page Should Contain Element" library="SeleniumLibrary">
<arg>//*[@disabled]</arg>
<doc>Verifies that element ``locator`` is found on the current page.</doc>
<msg timestamp="20220924 10:12:41.332" level="INFO">Current page contains element '//*[@disabled]'.</msg>
<status status="PASS" starttime="20220924 10:12:40.808" endtime="20220924 10:12:41.332"/>
</kw>
<kw name="Page Should Contain Element" library="SeleniumLibrary">
<arg>//*[@class='dc-text closing-account-reasons__error']</arg>
<doc>Verifies that element ``locator`` is found on the current page.</doc>
<msg timestamp="20220924 10:12:41.856" level="INFO">Current page contains element '//*[@class='dc-text closing-account-reasons__error']'.</msg>
<status status="PASS" starttime="20220924 10:12:41.333" endtime="20220924 10:12:41.856"/>
</kw>
<status status="PASS" starttime="20220924 10:12:37.598" endtime="20220924 10:12:41.857"/>
</test>
<test id="s1-t11" name="Close Account with invalid Text" line="81">
<kw name="Click Element" library="SeleniumLibrary">
<arg>//*[@name='financial-priorities']//parent::label</arg>
<doc>Click the element identified by ``locator``.</doc>
<msg timestamp="20220924 10:12:41.859" level="INFO">Clicking element '//*[@name='financial-priorities']//parent::label'.</msg>
<status status="PASS" starttime="20220924 10:12:41.859" endtime="20220924 10:12:42.926"/>
</kw>
<kw name="Input Text" library="SeleniumLibrary">
<arg>//*[@name='do_to_improve']</arg>
<arg>====</arg>
<doc>Types the given ``text`` into the text field identified by ``locator``.</doc>
<msg timestamp="20220924 10:12:42.927" level="INFO">Typing text '====' into text field '//*[@name='do_to_improve']'.</msg>
<status status="PASS" starttime="20220924 10:12:42.926" endtime="20220924 10:12:44.605"/>
</kw>
<kw name="Page Should Contain Element" library="SeleniumLibrary">
<arg>//*[@disabled]</arg>
<doc>Verifies that element ``locator`` is found on the current page.</doc>
<msg timestamp="20220924 10:12:45.122" level="INFO">Current page contains element '//*[@disabled]'.</msg>
<status status="PASS" starttime="20220924 10:12:44.605" endtime="20220924 10:12:45.122"/>
</kw>
<kw name="Page Should Contain Element" library="SeleniumLibrary">
<arg>//*[@class='dc-text closing-account-reasons__error']</arg>
<doc>Verifies that element ``locator`` is found on the current page.</doc>
<msg timestamp="20220924 10:12:45.638" level="INFO">Current page contains element '//*[@class='dc-text closing-account-reasons__error']'.</msg>
<status status="PASS" starttime="20220924 10:12:45.123" endtime="20220924 10:12:45.638"/>
</kw>
<status status="PASS" starttime="20220924 10:12:41.858" endtime="20220924 10:12:45.638"/>
</test>
<status status="PASS" starttime="20220924 10:11:49.286" endtime="20220924 10:12:45.640"/>
</suite>
<statistics>
<total>
<stat pass="11" fail="0" skip="0">All Tests</stat>
</total>
<tag>
</tag>
<suite>
<stat pass="11" fail="0" skip="0" id="s1" name="Close">Close</stat>
</suite>
</statistics>
<errors>
</errors>
</robot>
