<?xml version="1.0" encoding="UTF-8"?>
<robot generator="Robot 5.0.1 (Python 3.8.10 on linux)" generated="20220922 10:20:22.627" rpa="false" schemaversion="3">
<suite id="s1" name="Login" source="/home/cahn/besquare-deriv/RF/login.robot">
<test id="s1-t1" name="Login To Deriv" line="13">
<kw name="Open Browser" library="SeleniumLibrary">
<arg>https://app.deriv.com/</arg>
<arg>chrome</arg>
<doc>Opens a new browser instance to the optional ``url``.</doc>
<msg timestamp="20220922 10:20:22.710" level="INFO">Opening browser 'chrome' to base url 'https://app.deriv.com/'.</msg>
<status status="PASS" starttime="20220922 10:20:22.710" endtime="20220922 10:20:26.160"/>
</kw>
<kw name="Maximize Browser Window" library="SeleniumLibrary">
<doc>Maximizes current browser window.</doc>
<status status="PASS" starttime="20220922 10:20:26.161" endtime="20220922 10:20:26.269"/>
</kw>
<kw name="Wait Until Page Contains Element" library="SeleniumLibrary">
<arg>dt_purchase_call_button</arg>
<arg>30</arg>
<doc>Waits until the element ``locator`` appears on the current page.</doc>
<status status="PASS" starttime="20220922 10:20:26.269" endtime="20220922 10:20:29.388"/>
</kw>
<kw name="Click Element" library="SeleniumLibrary">
<arg>dt_login_button</arg>
<doc>Click the element identified by ``locator``.</doc>
<msg timestamp="20220922 10:20:29.389" level="INFO">Clicking element 'dt_login_button'.</msg>
<status status="PASS" starttime="20220922 10:20:29.389" endtime="20220922 10:20:31.935"/>
</kw>
<kw name="Wait Until Page Contains Element" library="SeleniumLibrary">
<arg>//input[@type='email']</arg>
<arg>10</arg>
<doc>Waits until the element ``locator`` appears on the current page.</doc>
<status status="PASS" starttime="20220922 10:20:31.935" endtime="20220922 10:20:31.964"/>
</kw>
<kw name="Input Text" library="SeleniumLibrary">
<arg>//input[@type='email']</arg>
<arg>vern.yi+3@besquare.com.my</arg>
<doc>Types the given ``text`` into the text field identified by ``locator``.</doc>
<msg timestamp="20220922 10:20:31.965" level="INFO">Typing text 'vern.yi+3@besquare.com.my' into text field '//input[@type='email']'.</msg>
<status status="PASS" starttime="20220922 10:20:31.964" endtime="20220922 10:20:32.027"/>
</kw>
<kw name="Input Text" library="SeleniumLibrary">
<arg>//input[@type='password']</arg>
<arg>C0rrect_p4ssword</arg>
<doc>Types the given ``text`` into the text field identified by ``locator``.</doc>
<msg timestamp="20220922 10:20:32.027" level="INFO">Typing text 'C0rrect_p4ssword' into text field '//input[@type='password']'.</msg>
<status status="PASS" starttime="20220922 10:20:32.027" endtime="20220922 10:20:32.091"/>
</kw>
<kw name="Click Element" library="SeleniumLibrary">
<arg>//button[@type='submit']</arg>
<doc>Click the element identified by ``locator``.</doc>
<msg timestamp="20220922 10:20:32.091" level="INFO">Clicking element '//button[@type='submit']'.</msg>
<status status="PASS" starttime="20220922 10:20:32.091" endtime="20220922 10:20:35.386"/>
</kw>
<kw name="Wait Until Page Does Not Contain Element" library="SeleniumLibrary">
<arg>//*[@aria-label="Loading interface..."]</arg>
<arg>20</arg>
<doc>Waits until the element ``locator`` disappears from the current page.</doc>
<status status="PASS" starttime="20220922 10:20:35.387" endtime="20220922 10:20:37.551"/>
</kw>
<kw name="Wait Until Page Contains Element" library="SeleniumLibrary">
<arg>dt_purchase_call_button</arg>
<arg>30</arg>
<doc>Waits until the element ``locator`` appears on the current page.</doc>
<status status="PASS" starttime="20220922 10:20:37.551" endtime="20220922 10:20:37.690"/>
</kw>
<status status="PASS" starttime="20220922 10:20:22.709" endtime="20220922 10:20:37.691"/>
</test>
<test id="s1-t2" name="Check Real and Demo Account" line="26">
<kw name="Click Element" library="SeleniumLibrary">
<arg>dt_core_account-info_acc-info</arg>
<doc>Click the element identified by ``locator``.</doc>
<msg timestamp="20220922 10:20:37.692" level="INFO">Clicking element 'dt_core_account-info_acc-info'.</msg>
<status status="PASS" starttime="20220922 10:20:37.692" endtime="20220922 10:20:37.914"/>
</kw>
<kw name="Wait Until Page Contains Element" library="SeleniumLibrary">
<arg>real_account_tab</arg>
<arg>30</arg>
<doc>Waits until the element ``locator`` appears on the current page.</doc>
<status status="PASS" starttime="20220922 10:20:37.914" endtime="20220922 10:20:37.927"/>
</kw>
<kw name="Wait Until Page Contains Element" library="SeleniumLibrary">
<arg>dt_core_account-switcher_demo-tab</arg>
<arg>30</arg>
<doc>Waits until the element ``locator`` appears on the current page.</doc>
<status status="PASS" starttime="20220922 10:20:37.927" endtime="20220922 10:20:37.950"/>
</kw>
<kw name="Click Element" library="SeleniumLibrary">
<arg>dt_core_account-switcher_demo-tab</arg>
<doc>Click the element identified by ``locator``.</doc>
<msg timestamp="20220922 10:20:37.951" level="INFO">Clicking element 'dt_core_account-switcher_demo-tab'.</msg>
<status status="PASS" starttime="20220922 10:20:37.951" endtime="20220922 10:20:38.017"/>
</kw>
<kw name="Wait Until Page Contains Element" library="SeleniumLibrary">
<arg>dt_core_account-switcher_demo-tab</arg>
<arg>30</arg>
<doc>Waits until the element ``locator`` appears on the current page.</doc>
<status status="PASS" starttime="20220922 10:20:38.017" endtime="20220922 10:20:38.026"/>
</kw>
<status status="PASS" starttime="20220922 10:20:37.692" endtime="20220922 10:20:38.027"/>
</test>
<test id="s1-t3" name="Buy rise contract" line="36">
<kw name="Wait Until Page Contains Element" library="SeleniumLibrary">
<arg>//div[@id='dt_VRTC6739289']</arg>
<arg>30</arg>
<doc>Waits until the element ``locator`` appears on the current page.</doc>
<status status="PASS" starttime="20220922 10:20:38.028" endtime="20220922 10:20:38.041"/>
</kw>
<kw name="Click Element" library="SeleniumLibrary">
<arg>//div[@id='dt_VRTC6739289']</arg>
<doc>Click the element identified by ``locator``.</doc>
<msg timestamp="20220922 10:20:38.042" level="INFO">Clicking element '//div[@id='dt_VRTC6739289']'.</msg>
<status status="PASS" starttime="20220922 10:20:38.041" endtime="20220922 10:20:38.220"/>
</kw>
<kw name="Wait Until Page Does Not Contain Element" library="SeleniumLibrary">
<arg>//*[@aria-label="Loading interface..."]</arg>
<arg>20</arg>
<doc>Waits until the element ``locator`` disappears from the current page.</doc>
<status status="PASS" starttime="20220922 10:20:38.220" endtime="20220922 10:20:48.535"/>
</kw>
<status status="PASS" starttime="20220922 10:20:38.027" endtime="20220922 10:20:48.535"/>
</test>
<test id="s1-t4" name="Check relative barrier error" line="80">
<kw name="Wait Until Page Contains Element" library="SeleniumLibrary">
<arg>//div[@class='cq-menu-btn']</arg>
<arg>30</arg>
<doc>Waits until the element ``locator`` appears on the current page.</doc>
<status status="PASS" starttime="20220922 10:20:48.539" endtime="20220922 10:20:48.584"/>
</kw>
<kw name="Click Element" library="SeleniumLibrary">
<arg>//div[@class='cq-menu-btn']</arg>
<doc>Click the element identified by ``locator``.</doc>
<msg timestamp="20220922 10:20:48.585" level="INFO">Clicking element '//div[@class='cq-menu-btn']'.</msg>
<status status="PASS" starttime="20220922 10:20:48.584" endtime="20220922 10:20:48.811"/>
</kw>
<kw name="Sleep" library="BuiltIn">
<arg>5</arg>
<doc>Pauses the test executed for the given time.</doc>
<msg timestamp="20220922 10:20:53.811" level="INFO">Slept 5 seconds</msg>
<status status="PASS" starttime="20220922 10:20:48.811" endtime="20220922 10:20:53.811"/>
</kw>
<kw name="Click Element" library="SeleniumLibrary">
<arg>//*[contains(text(), 'Forex')]</arg>
<doc>Click the element identified by ``locator``.</doc>
<msg timestamp="20220922 10:20:53.812" level="INFO">Clicking element '//*[contains(text(), 'Forex')]'.</msg>
<status status="PASS" starttime="20220922 10:20:53.812" endtime="20220922 10:20:53.933"/>
</kw>
<kw name="Wait Until Page Contains Element" library="SeleniumLibrary">
<arg>//div[@class='sc-mcd__item sc-mcd__item--frxAUDUSD ' and contains(.,'AUD/USD')]</arg>
<arg>50</arg>
<doc>Waits until the element ``locator`` appears on the current page.</doc>
<status status="PASS" starttime="20220922 10:20:53.934" endtime="20220922 10:20:53.945"/>
</kw>
<kw name="Click Element" library="SeleniumLibrary">
<arg>//div[@class='sc-mcd__item sc-mcd__item--frxAUDUSD ' and contains(.,'AUD/USD')]</arg>
<doc>Click the element identified by ``locator``.</doc>
<msg timestamp="20220922 10:20:53.946" level="INFO">Clicking element '//div[@class='sc-mcd__item sc-mcd__item--frxAUDUSD ' and contains(.,'AUD/USD')]'.</msg>
<status status="PASS" starttime="20220922 10:20:53.946" endtime="20220922 10:20:54.056"/>
</kw>
<kw name="Wait Until Page Does Not Contain Element" library="SeleniumLibrary">
<arg>//*[@aria-label="Loading interface..."]</arg>
<arg>20</arg>
<doc>Waits until the element ``locator`` disappears from the current page.</doc>
<status status="PASS" starttime="20220922 10:20:54.057" endtime="20220922 10:20:54.960"/>
</kw>
<kw name="Click Element" library="SeleniumLibrary">
<arg>//*[@class='contract-type-widget__display']</arg>
<doc>Click the element identified by ``locator``.</doc>
<msg timestamp="20220922 10:20:54.961" level="INFO">Clicking element '//*[@class='contract-type-widget__display']'.</msg>
<status status="PASS" starttime="20220922 10:20:54.961" endtime="20220922 10:20:55.077"/>
</kw>
<kw name="Click Element" library="SeleniumLibrary">
<arg>//*[@id='dt_contract_high_low_item']</arg>
<doc>Click the element identified by ``locator``.</doc>
<msg timestamp="20220922 10:20:55.078" level="INFO">Clicking element '//*[@id='dt_contract_high_low_item']'.</msg>
<status status="PASS" starttime="20220922 10:20:55.077" endtime="20220922 10:20:55.450"/>
</kw>
<kw name="Click Element" library="SeleniumLibrary">
<arg>//*[@class='dc-input__field']</arg>
<doc>Click the element identified by ``locator``.</doc>
<msg timestamp="20220922 10:20:55.450" level="INFO">Clicking element '//*[@class='dc-input__field']'.</msg>
<status status="PASS" starttime="20220922 10:20:55.450" endtime="20220922 10:20:55.752"/>
</kw>
<kw name="Press Keys" library="SeleniumLibrary">
<arg>none</arg>
<arg>BACKSPACE+1</arg>
<doc>Simulates the user pressing key(s) to an element or on the active browser.</doc>
<msg timestamp="20220922 10:20:55.753" level="INFO">Sending key(s) ('BACKSPACE+1',) to page.</msg>
<msg timestamp="20220922 10:20:55.753" level="INFO">Pressing special key BACKSPACE down.</msg>
<msg timestamp="20220922 10:20:55.753" level="INFO">Sending key 1</msg>
<msg timestamp="20220922 10:20:55.753" level="INFO">Releasing special key BACKSPACE.</msg>
<status status="PASS" starttime="20220922 10:20:55.753" endtime="20220922 10:20:55.852"/>
</kw>
<kw name="Press Keys" library="SeleniumLibrary">
<arg>//div[@class='dc-input-field trade-container__barriers-single']</arg>
<arg>CTRL+A+BACKSPACE</arg>
<doc>Simulates the user pressing key(s) to an element or on the active browser.</doc>
<msg timestamp="20220922 10:20:55.852" level="INFO">Sending key(s) ('CTRL+A+BACKSPACE',) to //div[@class='dc-input-field trade-container__barriers-single'] element.</msg>
<msg timestamp="20220922 10:20:56.231" level="INFO">Pressing special key CONTROL down.</msg>
<msg timestamp="20220922 10:20:56.232" level="INFO">Sending key A</msg>
<msg timestamp="20220922 10:20:56.232" level="INFO">Pressing special key BACKSPACE down.</msg>
<msg timestamp="20220922 10:20:56.232" level="INFO">Releasing special key CONTROL.</msg>
<msg timestamp="20220922 10:20:56.232" level="INFO">Releasing special key BACKSPACE.</msg>
<status status="PASS" starttime="20220922 10:20:55.852" endtime="20220922 10:20:56.292"/>
</kw>
<kw name="Input Text" library="SeleniumLibrary">
<arg>dt_barrier_1_input</arg>
<arg>-0.11111</arg>
<doc>Types the given ``text`` into the text field identified by ``locator``.</doc>
<msg timestamp="20220922 10:20:56.292" level="INFO">Typing text '-0.11111' into text field 'dt_barrier_1_input'.</msg>
<status status="PASS" starttime="20220922 10:20:56.292" endtime="20220922 10:20:56.433"/>
</kw>
<kw name="Sleep" library="BuiltIn">
<arg>2</arg>
<doc>Pauses the test executed for the given time.</doc>
<msg timestamp="20220922 10:20:58.434" level="INFO">Slept 2 seconds</msg>
<status status="PASS" starttime="20220922 10:20:56.433" endtime="20220922 10:20:58.434"/>
</kw>
<kw name="Click Element" library="SeleniumLibrary">
<arg>//button[@id='dt_purchase_put_button']</arg>
<doc>Click the element identified by ``locator``.</doc>
<msg timestamp="20220922 10:20:58.435" level="INFO">Clicking element '//button[@id='dt_purchase_put_button']'.</msg>
<msg timestamp="20220922 10:20:58.690" level="INFO" html="true">&lt;/td&gt;&lt;/tr&gt;&lt;tr&gt;&lt;td colspan="3"&gt;&lt;a href="selenium-screenshot-1.png"&gt;&lt;img src="selenium-screenshot-1.png" width="800px"&gt;&lt;/a&gt;</msg>
<msg timestamp="20220922 10:20:58.690" level="FAIL">StaleElementReferenceException: Message: stale element reference: element is not attached to the page document
  (Session info: chrome=104.0.5112.101)
Stacktrace:
#0 0x5577d37d5403 &lt;unknown&gt;
#1 0x5577d35db778 &lt;unknown&gt;
#2 0x5577d35de617 &lt;unknown&gt;
#3 0x5577d35de4c4 &lt;unknown&gt;
#4 0x5577d35de77c &lt;unknown&gt;
#5 0x5577d36148ca &lt;unknown&gt;
#6 0x5577d3607d46 &lt;unknown&gt;
#7 0x5577d3630a02 &lt;unknown&gt;
#8 0x5577d3607703 &lt;unknown&gt;
#9 0x5577d3630b0e &lt;unknown&gt;
#10 0x5577d3643c74 &lt;unknown&gt;
#11 0x5577d36308f3 &lt;unknown&gt;
#12 0x5577d36060d8 &lt;unknown&gt;
#13 0x5577d3607205 &lt;unknown&gt;
#14 0x5577d381ce3d &lt;unknown&gt;
#15 0x5577d381fdb6 &lt;unknown&gt;
#16 0x5577d380613e &lt;unknown&gt;
#17 0x5577d38209b5 &lt;unknown&gt;
#18 0x5577d37fa970 &lt;unknown&gt;
#19 0x5577d383d228 &lt;unknown&gt;
#20 0x5577d383d3bf &lt;unknown&gt;
#21 0x5577d3857abe &lt;unknown&gt;
#22 0x7fcd87427609 &lt;unknown&gt;
</msg>
<status status="FAIL" starttime="20220922 10:20:58.434" endtime="20220922 10:20:58.691"/>
</kw>
<status status="FAIL" starttime="20220922 10:20:48.537" endtime="20220922 10:20:58.691">StaleElementReferenceException: Message: stale element reference: element is not attached to the page document
  (Session info: chrome=104.0.5112.101)
Stacktrace:
#0 0x5577d37d5403 &lt;unknown&gt;
#1 0x5577d35db778 &lt;unknown&gt;
#2 0x5577d35de617 &lt;unknown&gt;
#3 0x5577d35de4c4 &lt;unknown&gt;
#4 0x5577d35de77c &lt;unknown&gt;
#5 0x5577d36148ca &lt;unknown&gt;
#6 0x5577d3607d46 &lt;unknown&gt;
#7 0x5577d3630a02 &lt;unknown&gt;
#8 0x5577d3607703 &lt;unknown&gt;
#9 0x5577d3630b0e &lt;unknown&gt;
#10 0x5577d3643c74 &lt;unknown&gt;
#11 0x5577d36308f3 &lt;unknown&gt;
#12 0x5577d36060d8 &lt;unknown&gt;
#13 0x5577d3607205 &lt;unknown&gt;
#14 0x5577d381ce3d &lt;unknown&gt;
#15 0x5577d381fdb6 &lt;unknown&gt;
#16 0x5577d380613e &lt;unknown&gt;
#17 0x5577d38209b5 &lt;unknown&gt;
#18 0x5577d37fa970 &lt;unknown&gt;
#19 0x5577d383d228 &lt;unknown&gt;
#20 0x5577d383d3bf &lt;unknown&gt;
#21 0x5577d3857abe &lt;unknown&gt;
#22 0x7fcd87427609 &lt;unknown&gt;
</status>
</test>
<status status="FAIL" starttime="20220922 10:20:22.628" endtime="20220922 10:20:58.692"/>
</suite>
<statistics>
<total>
<stat pass="3" fail="1" skip="0">All Tests</stat>
</total>
<tag>
</tag>
<suite>
<stat pass="3" fail="1" skip="0" id="s1" name="Login">Login</stat>
</suite>
</statistics>
<errors>
</errors>
</robot>
